2022-02-28 22:33:57,831 [Worker-0: Loading available Gradle versions] INFO  o.e.b.c.i.u.g.PublishedGradleVersions - Gradle version information cache is up-to-date. Trying to read.
2022-02-28 22:34:58,208 [Worker-7: Updating Maven Dependencies] INFO  o.e.m.c.i.l.LifecycleMappingFactory - Using org.eclipse.m2e.jdt.JarLifecycleMapping lifecycle mapping for MavenProject: com.te:car-info-app:0.0.1-SNAPSHOT @ C:\nithin\car-info-app (1)\car-info-app\pom.xml.
2022-02-28 22:35:00,795 [Worker-7: Updating Maven Dependencies] INFO  o.e.m.c.i.e.AbstractTransferListenerAdapter - Downloading https://repo.maven.apache.org/maven2/org/apache/httpcomponents/httpclient/4.5.13/httpclient-4.5.13.pom
2022-02-28 22:35:01,177 [Worker-7: Updating Maven Dependencies] INFO  o.e.m.c.i.e.AbstractTransferListenerAdapter - Downloaded https://repo.maven.apache.org/maven2/org/apache/httpcomponents/httpclient/4.5.13/httpclient-4.5.13.pom
2022-02-28 22:35:01,386 [Worker-7: Updating Maven Dependencies] INFO  o.e.m.c.i.e.AbstractTransferListenerAdapter - Downloading https://repo.maven.apache.org/maven2/org/apache/httpcomponents/httpcomponents-client/4.5.13/httpcomponents-client-4.5.13.pom
2022-02-28 22:35:01,719 [Worker-7: Updating Maven Dependencies] INFO  o.e.m.c.i.e.AbstractTransferListenerAdapter - Downloaded https://repo.maven.apache.org/maven2/org/apache/httpcomponents/httpcomponents-client/4.5.13/httpcomponents-client-4.5.13.pom
2022-02-28 22:35:02,123 [Worker-7: Updating Maven Dependencies] INFO  o.e.m.c.i.e.AbstractTransferListenerAdapter - Downloading https://repo.maven.apache.org/maven2/org/apache/httpcomponents/httpcomponents-parent/11/httpcomponents-parent-11.pom
2022-02-28 22:35:02,454 [Worker-7: Updating Maven Dependencies] INFO  o.e.m.c.i.e.AbstractTransferListenerAdapter - Downloaded https://repo.maven.apache.org/maven2/org/apache/httpcomponents/httpcomponents-parent/11/httpcomponents-parent-11.pom
2022-02-28 22:35:02,728 [Worker-7: Updating Maven Dependencies] INFO  o.e.m.c.i.e.AbstractTransferListenerAdapter - Downloading https://repo.maven.apache.org/maven2/org/apache/httpcomponents/httpcore/4.4.15/httpcore-4.4.15.pom
2022-02-28 22:35:03,003 [Worker-7: Updating Maven Dependencies] INFO  o.e.m.c.i.e.AbstractTransferListenerAdapter - Downloaded https://repo.maven.apache.org/maven2/org/apache/httpcomponents/httpcore/4.4.15/httpcore-4.4.15.pom
2022-02-28 22:35:03,254 [Worker-7: Updating Maven Dependencies] INFO  o.e.m.c.i.e.AbstractTransferListenerAdapter - Downloading https://repo.maven.apache.org/maven2/org/apache/httpcomponents/httpcomponents-core/4.4.15/httpcomponents-core-4.4.15.pom
2022-02-28 22:35:03,514 [Worker-7: Updating Maven Dependencies] INFO  o.e.m.c.i.e.AbstractTransferListenerAdapter - Downloaded https://repo.maven.apache.org/maven2/org/apache/httpcomponents/httpcomponents-core/4.4.15/httpcomponents-core-4.4.15.pom
2022-02-28 22:35:03,805 [Worker-7: Updating Maven Dependencies] INFO  o.e.m.c.i.e.AbstractTransferListenerAdapter - Downloading https://repo.maven.apache.org/maven2/commons-codec/commons-codec/1.15/commons-codec-1.15.pom
2022-02-28 22:35:04,038 [Worker-7: Updating Maven Dependencies] INFO  o.e.m.c.i.e.AbstractTransferListenerAdapter - Downloaded https://repo.maven.apache.org/maven2/commons-codec/commons-codec/1.15/commons-codec-1.15.pom
2022-02-28 22:35:04,464 [Worker-7: Updating Maven Dependencies] INFO  o.e.m.c.i.e.AbstractTransferListenerAdapter - Downloading https://repo.maven.apache.org/maven2/org/springframework/boot/spring-boot-starter-actuator/2.6.4/spring-boot-starter-actuator-2.6.4.pom
2022-02-28 22:35:04,780 [Worker-7: Updating Maven Dependencies] INFO  o.e.m.c.i.e.AbstractTransferListenerAdapter - Downloaded https://repo.maven.apache.org/maven2/org/springframework/boot/spring-boot-starter-actuator/2.6.4/spring-boot-starter-actuator-2.6.4.pom
2022-02-28 22:35:05,028 [Worker-7: Updating Maven Dependencies] INFO  o.e.m.c.i.e.AbstractTransferListenerAdapter - Downloading https://repo.maven.apache.org/maven2/org/springframework/boot/spring-boot-actuator-autoconfigure/2.6.4/spring-boot-actuator-autoconfigure-2.6.4.pom
2022-02-28 22:35:05,260 [Worker-7: Updating Maven Dependencies] INFO  o.e.m.c.i.e.AbstractTransferListenerAdapter - Downloaded https://repo.maven.apache.org/maven2/org/springframework/boot/spring-boot-actuator-autoconfigure/2.6.4/spring-boot-actuator-autoconfigure-2.6.4.pom
2022-02-28 22:35:05,468 [Worker-7: Updating Maven Dependencies] INFO  o.e.m.c.i.e.AbstractTransferListenerAdapter - Downloading https://repo.maven.apache.org/maven2/org/springframework/boot/spring-boot-actuator/2.6.4/spring-boot-actuator-2.6.4.pom
2022-02-28 22:35:05,701 [Worker-7: Updating Maven Dependencies] INFO  o.e.m.c.i.e.AbstractTransferListenerAdapter - Downloaded https://repo.maven.apache.org/maven2/org/springframework/boot/spring-boot-actuator/2.6.4/spring-boot-actuator-2.6.4.pom
2022-02-28 22:35:05,931 [Worker-7: Updating Maven Dependencies] INFO  o.e.m.c.i.e.AbstractTransferListenerAdapter - Downloading https://repo.maven.apache.org/maven2/io/micrometer/micrometer-core/1.8.3/micrometer-core-1.8.3.pom
2022-02-28 22:35:06,152 [Worker-7: Updating Maven Dependencies] INFO  o.e.m.c.i.e.AbstractTransferListenerAdapter - Downloaded https://repo.maven.apache.org/maven2/io/micrometer/micrometer-core/1.8.3/micrometer-core-1.8.3.pom
2022-02-28 22:35:06,640 [AetherRepositoryConnector-repo.maven.apache.org-0-0] INFO  o.e.m.c.i.e.AbstractTransferListenerAdapter - Downloading https://repo.maven.apache.org/maven2/org/apache/httpcomponents/httpclient/4.5.13/httpclient-4.5.13.jar
2022-02-28 22:35:06,952 [AetherRepositoryConnector-repo.maven.apache.org-0-1] INFO  o.e.m.c.i.e.AbstractTransferListenerAdapter - Downloading https://repo.maven.apache.org/maven2/org/apache/httpcomponents/httpcore/4.4.15/httpcore-4.4.15.jar
2022-02-28 22:35:06,953 [AetherRepositoryConnector-repo.maven.apache.org-0-2] INFO  o.e.m.c.i.e.AbstractTransferListenerAdapter - Downloading https://repo.maven.apache.org/maven2/commons-codec/commons-codec/1.15/commons-codec-1.15.jar
2022-02-28 22:35:06,953 [AetherRepositoryConnector-repo.maven.apache.org-0-4] INFO  o.e.m.c.i.e.AbstractTransferListenerAdapter - Downloading https://repo.maven.apache.org/maven2/org/springframework/boot/spring-boot-actuator-autoconfigure/2.6.4/spring-boot-actuator-autoconfigure-2.6.4.jar
2022-02-28 22:35:06,954 [AetherRepositoryConnector-repo.maven.apache.org-0-3] INFO  o.e.m.c.i.e.AbstractTransferListenerAdapter - Downloading https://repo.maven.apache.org/maven2/org/springframework/boot/spring-boot-starter-actuator/2.6.4/spring-boot-starter-actuator-2.6.4.jar
2022-02-28 22:35:07,508 [AetherRepositoryConnector-repo.maven.apache.org-0-3] INFO  o.e.m.c.i.e.AbstractTransferListenerAdapter - Downloaded https://repo.maven.apache.org/maven2/org/springframework/boot/spring-boot-starter-actuator/2.6.4/spring-boot-starter-actuator-2.6.4.jar
2022-02-28 22:35:07,733 [AetherRepositoryConnector-repo.maven.apache.org-0-3] INFO  o.e.m.c.i.e.AbstractTransferListenerAdapter - Downloading https://repo.maven.apache.org/maven2/org/springframework/boot/spring-boot-actuator/2.6.4/spring-boot-actuator-2.6.4.jar
2022-02-28 22:35:08,060 [AetherRepositoryConnector-repo.maven.apache.org-0-1] INFO  o.e.m.c.i.e.AbstractTransferListenerAdapter - Downloaded https://repo.maven.apache.org/maven2/org/apache/httpcomponents/httpcore/4.4.15/httpcore-4.4.15.jar
2022-02-28 22:35:08,066 [AetherRepositoryConnector-repo.maven.apache.org-0-4] INFO  o.e.m.c.i.e.AbstractTransferListenerAdapter - Downloaded https://repo.maven.apache.org/maven2/org/springframework/boot/spring-boot-actuator-autoconfigure/2.6.4/spring-boot-actuator-autoconfigure-2.6.4.jar
2022-02-28 22:35:08,066 [AetherRepositoryConnector-repo.maven.apache.org-0-2] INFO  o.e.m.c.i.e.AbstractTransferListenerAdapter - Downloaded https://repo.maven.apache.org/maven2/commons-codec/commons-codec/1.15/commons-codec-1.15.jar
2022-02-28 22:35:08,070 [AetherRepositoryConnector-repo.maven.apache.org-0-0] INFO  o.e.m.c.i.e.AbstractTransferListenerAdapter - Downloaded https://repo.maven.apache.org/maven2/org/apache/httpcomponents/httpclient/4.5.13/httpclient-4.5.13.jar
2022-02-28 22:35:08,269 [AetherRepositoryConnector-repo.maven.apache.org-0-3] INFO  o.e.m.c.i.e.AbstractTransferListenerAdapter - Downloaded https://repo.maven.apache.org/maven2/org/springframework/boot/spring-boot-actuator/2.6.4/spring-boot-actuator-2.6.4.jar
2022-02-28 22:35:08,544 [AetherRepositoryConnector-repo.maven.apache.org-0-1] INFO  o.e.m.c.i.e.AbstractTransferListenerAdapter - Downloading https://repo.maven.apache.org/maven2/io/micrometer/micrometer-core/1.8.3/micrometer-core-1.8.3.jar
2022-02-28 22:35:08,872 [AetherRepositoryConnector-repo.maven.apache.org-0-1] INFO  o.e.m.c.i.e.AbstractTransferListenerAdapter - Downloaded https://repo.maven.apache.org/maven2/io/micrometer/micrometer-core/1.8.3/micrometer-core-1.8.3.jar
2022-02-28 22:35:12,115 [Worker-2: Download sources and javadoc] INFO  o.e.m.c.i.e.AbstractTransferListenerAdapter - Downloading https://repo.maven.apache.org/maven2/org/apache/httpcomponents/httpclient/4.5.13/httpclient-4.5.13-sources.jar
2022-02-28 22:35:13,538 [Worker-2: Download sources and javadoc] INFO  o.e.m.c.i.e.AbstractTransferListenerAdapter - Downloaded https://repo.maven.apache.org/maven2/org/apache/httpcomponents/httpclient/4.5.13/httpclient-4.5.13-sources.jar
2022-02-28 22:35:13,545 [Worker-2: Download sources and javadoc] INFO  o.e.m.j.internal.DownloadSourcesJob - Downloaded sources for org.apache.httpcomponents:httpclient:4.5.13
2022-02-28 22:35:14,346 [Worker-2: Download sources and javadoc] INFO  o.e.m.c.i.e.AbstractTransferListenerAdapter - Downloading https://repo.maven.apache.org/maven2/org/apache/httpcomponents/httpcore/4.4.15/httpcore-4.4.15-sources.jar
2022-02-28 22:35:15,385 [Worker-2: Download sources and javadoc] INFO  o.e.m.c.i.e.AbstractTransferListenerAdapter - Downloaded https://repo.maven.apache.org/maven2/org/apache/httpcomponents/httpcore/4.4.15/httpcore-4.4.15-sources.jar
2022-02-28 22:35:15,395 [Worker-2: Download sources and javadoc] INFO  o.e.m.j.internal.DownloadSourcesJob - Downloaded sources for org.apache.httpcomponents:httpcore:4.4.15
2022-02-28 22:35:16,204 [Worker-2: Download sources and javadoc] INFO  o.e.m.c.i.e.AbstractTransferListenerAdapter - Downloading https://repo.maven.apache.org/maven2/commons-codec/commons-codec/1.15/commons-codec-1.15-sources.jar
2022-02-28 22:35:17,109 [Worker-2: Download sources and javadoc] INFO  o.e.m.c.i.e.AbstractTransferListenerAdapter - Downloaded https://repo.maven.apache.org/maven2/commons-codec/commons-codec/1.15/commons-codec-1.15-sources.jar
2022-02-28 22:35:17,114 [Worker-2: Download sources and javadoc] INFO  o.e.m.j.internal.DownloadSourcesJob - Downloaded sources for commons-codec:commons-codec:1.15
2022-02-28 22:35:17,929 [Worker-2: Download sources and javadoc] INFO  o.e.m.c.i.e.AbstractTransferListenerAdapter - Downloading https://repo.maven.apache.org/maven2/org/springframework/boot/spring-boot-starter-actuator/2.6.4/spring-boot-starter-actuator-2.6.4-sources.jar
2022-02-28 22:35:18,332 [Worker-2: Download sources and javadoc] INFO  o.e.m.c.i.e.AbstractTransferListenerAdapter - Downloaded https://repo.maven.apache.org/maven2/org/springframework/boot/spring-boot-starter-actuator/2.6.4/spring-boot-starter-actuator-2.6.4-sources.jar
2022-02-28 22:35:18,337 [Worker-2: Download sources and javadoc] INFO  o.e.m.j.internal.DownloadSourcesJob - Downloaded sources for org.springframework.boot:spring-boot-starter-actuator:2.6.4
2022-02-28 22:35:19,177 [Worker-2: Download sources and javadoc] INFO  o.e.m.c.i.e.AbstractTransferListenerAdapter - Downloading https://repo.maven.apache.org/maven2/org/springframework/boot/spring-boot-actuator-autoconfigure/2.6.4/spring-boot-actuator-autoconfigure-2.6.4-sources.jar
2022-02-28 22:35:20,271 [Worker-2: Download sources and javadoc] INFO  o.e.m.c.i.e.AbstractTransferListenerAdapter - Downloaded https://repo.maven.apache.org/maven2/org/springframework/boot/spring-boot-actuator-autoconfigure/2.6.4/spring-boot-actuator-autoconfigure-2.6.4-sources.jar
2022-02-28 22:35:20,281 [Worker-2: Download sources and javadoc] INFO  o.e.m.j.internal.DownloadSourcesJob - Downloaded sources for org.springframework.boot:spring-boot-actuator-autoconfigure:2.6.4
2022-02-28 22:35:21,084 [Worker-2: Download sources and javadoc] INFO  o.e.m.c.i.e.AbstractTransferListenerAdapter - Downloading https://repo.maven.apache.org/maven2/org/springframework/boot/spring-boot-actuator/2.6.4/spring-boot-actuator-2.6.4-sources.jar
2022-02-28 22:35:22,161 [Worker-2: Download sources and javadoc] INFO  o.e.m.c.i.e.AbstractTransferListenerAdapter - Downloaded https://repo.maven.apache.org/maven2/org/springframework/boot/spring-boot-actuator/2.6.4/spring-boot-actuator-2.6.4-sources.jar
2022-02-28 22:35:22,178 [Worker-2: Download sources and javadoc] INFO  o.e.m.j.internal.DownloadSourcesJob - Downloaded sources for org.springframework.boot:spring-boot-actuator:2.6.4
2022-02-28 22:35:22,997 [Worker-2: Download sources and javadoc] INFO  o.e.m.c.i.e.AbstractTransferListenerAdapter - Downloading https://repo.maven.apache.org/maven2/io/micrometer/micrometer-core/1.8.3/micrometer-core-1.8.3-sources.jar
2022-02-28 22:35:24,057 [Worker-2: Download sources and javadoc] INFO  o.e.m.c.i.e.AbstractTransferListenerAdapter - Downloaded https://repo.maven.apache.org/maven2/io/micrometer/micrometer-core/1.8.3/micrometer-core-1.8.3-sources.jar
2022-02-28 22:35:24,075 [Worker-2: Download sources and javadoc] INFO  o.e.m.j.internal.DownloadSourcesJob - Downloaded sources for io.micrometer:micrometer-core:1.8.3
2022-02-28 22:40:15,961 [Worker-2: Loading available Gradle versions] INFO  o.e.b.c.i.u.g.PublishedGradleVersions - Gradle version information cache is up-to-date. Trying to read.
2022-02-28 22:42:12,570 [Worker-7: Launching car-info-app - CarInfoAppApplication] INFO  o.e.m.c.i.embedder.EclipseLogger - Using 'UTF-8' encoding to copy filtered resources.
2022-02-28 22:42:12,573 [Worker-7: Launching car-info-app - CarInfoAppApplication] INFO  o.e.m.c.i.embedder.EclipseLogger - Using 'UTF-8' encoding to copy filtered properties files.
2022-02-28 22:42:12,580 [Worker-7: Launching car-info-app - CarInfoAppApplication] INFO  o.e.m.c.i.embedder.EclipseLogger - Copying 1 resource
2022-02-28 22:42:12,615 [Worker-7: Launching car-info-app - CarInfoAppApplication] INFO  o.e.m.c.i.embedder.EclipseLogger - Copying 0 resource
2022-02-28 22:42:12,619 [Worker-7: Launching car-info-app - CarInfoAppApplication] INFO  o.e.m.c.i.embedder.EclipseLogger - Using 'UTF-8' encoding to copy filtered resources.
2022-02-28 22:42:12,620 [Worker-7: Launching car-info-app - CarInfoAppApplication] INFO  o.e.m.c.i.embedder.EclipseLogger - Using 'UTF-8' encoding to copy filtered properties files.
2022-02-28 22:42:12,620 [Worker-7: Launching car-info-app - CarInfoAppApplication] INFO  o.e.m.c.i.embedder.EclipseLogger - skip non existing resourceDirectory C:\nithin\car-info-app (1)\car-info-app\src\test\resources
2022-02-28 22:44:01,988 [Worker-2: Launching car-info-app - CarInfoAppApplication] INFO  o.e.m.c.i.embedder.EclipseLogger - Using 'UTF-8' encoding to copy filtered resources.
2022-02-28 22:44:01,988 [Worker-2: Launching car-info-app - CarInfoAppApplication] INFO  o.e.m.c.i.embedder.EclipseLogger - Using 'UTF-8' encoding to copy filtered properties files.
2022-02-28 22:44:01,992 [Worker-2: Launching car-info-app - CarInfoAppApplication] INFO  o.e.m.c.i.embedder.EclipseLogger - Copying 1 resource
2022-02-28 22:44:02,012 [Worker-2: Launching car-info-app - CarInfoAppApplication] INFO  o.e.m.c.i.embedder.EclipseLogger - Copying 0 resource
2022-02-28 22:44:02,020 [Worker-2: Launching car-info-app - CarInfoAppApplication] INFO  o.e.m.c.i.embedder.EclipseLogger - Using 'UTF-8' encoding to copy filtered resources.
2022-02-28 22:44:02,020 [Worker-2: Launching car-info-app - CarInfoAppApplication] INFO  o.e.m.c.i.embedder.EclipseLogger - Using 'UTF-8' encoding to copy filtered properties files.
2022-02-28 22:44:02,020 [Worker-2: Launching car-info-app - CarInfoAppApplication] INFO  o.e.m.c.i.embedder.EclipseLogger - skip non existing resourceDirectory C:\nithin\car-info-app (1)\car-info-app\src\test\resources
2022-02-28 22:45:45,049 [Worker-6: Launching car-info-app - CarInfoAppApplication] INFO  o.e.m.c.i.embedder.EclipseLogger - Using 'UTF-8' encoding to copy filtered resources.
2022-02-28 22:45:45,049 [Worker-6: Launching car-info-app - CarInfoAppApplication] INFO  o.e.m.c.i.embedder.EclipseLogger - Using 'UTF-8' encoding to copy filtered properties files.
2022-02-28 22:45:45,051 [Worker-6: Launching car-info-app - CarInfoAppApplication] INFO  o.e.m.c.i.embedder.EclipseLogger - Copying 1 resource
2022-02-28 22:45:45,064 [Worker-6: Launching car-info-app - CarInfoAppApplication] INFO  o.e.m.c.i.embedder.EclipseLogger - Copying 0 resource
2022-02-28 22:45:45,070 [Worker-6: Launching car-info-app - CarInfoAppApplication] INFO  o.e.m.c.i.embedder.EclipseLogger - Using 'UTF-8' encoding to copy filtered resources.
2022-02-28 22:45:45,070 [Worker-6: Launching car-info-app - CarInfoAppApplication] INFO  o.e.m.c.i.embedder.EclipseLogger - Using 'UTF-8' encoding to copy filtered properties files.
2022-02-28 22:45:45,070 [Worker-6: Launching car-info-app - CarInfoAppApplication] INFO  o.e.m.c.i.embedder.EclipseLogger - skip non existing resourceDirectory C:\nithin\car-info-app (1)\car-info-app\src\test\resources
2022-02-28 23:43:41,730 [Worker-24: Launching car-info-app - CarInfoAppApplication] INFO  o.e.m.c.i.embedder.EclipseLogger - Using 'UTF-8' encoding to copy filtered resources.
2022-02-28 23:43:41,732 [Worker-24: Launching car-info-app - CarInfoAppApplication] INFO  o.e.m.c.i.embedder.EclipseLogger - Using 'UTF-8' encoding to copy filtered properties files.
2022-02-28 23:43:41,738 [Worker-24: Launching car-info-app - CarInfoAppApplication] INFO  o.e.m.c.i.embedder.EclipseLogger - Copying 1 resource
2022-02-28 23:43:41,750 [Worker-24: Launching car-info-app - CarInfoAppApplication] INFO  o.e.m.c.i.embedder.EclipseLogger - Copying 0 resource
2022-02-28 23:43:41,754 [Worker-24: Launching car-info-app - CarInfoAppApplication] INFO  o.e.m.c.i.embedder.EclipseLogger - Using 'UTF-8' encoding to copy filtered resources.
2022-02-28 23:43:41,754 [Worker-24: Launching car-info-app - CarInfoAppApplication] INFO  o.e.m.c.i.embedder.EclipseLogger - Using 'UTF-8' encoding to copy filtered properties files.
2022-02-28 23:43:41,754 [Worker-24: Launching car-info-app - CarInfoAppApplication] INFO  o.e.m.c.i.embedder.EclipseLogger - skip non existing resourceDirectory C:\nithin\car-info-app (1)\car-info-app\src\test\resources
2022-02-28 23:46:18,429 [Worker-25: Launching car-info-app - CarInfoAppApplication] INFO  o.e.m.c.i.embedder.EclipseLogger - Using 'UTF-8' encoding to copy filtered resources.
2022-02-28 23:46:18,430 [Worker-25: Launching car-info-app - CarInfoAppApplication] INFO  o.e.m.c.i.embedder.EclipseLogger - Using 'UTF-8' encoding to copy filtered properties files.
2022-02-28 23:46:18,431 [Worker-25: Launching car-info-app - CarInfoAppApplication] INFO  o.e.m.c.i.embedder.EclipseLogger - Copying 1 resource
2022-02-28 23:46:18,451 [Worker-25: Launching car-info-app - CarInfoAppApplication] INFO  o.e.m.c.i.embedder.EclipseLogger - Copying 0 resource
2022-02-28 23:46:18,457 [Worker-25: Launching car-info-app - CarInfoAppApplication] INFO  o.e.m.c.i.embedder.EclipseLogger - Using 'UTF-8' encoding to copy filtered resources.
2022-02-28 23:46:18,457 [Worker-25: Launching car-info-app - CarInfoAppApplication] INFO  o.e.m.c.i.embedder.EclipseLogger - Using 'UTF-8' encoding to copy filtered properties files.
2022-02-28 23:46:18,457 [Worker-25: Launching car-info-app - CarInfoAppApplication] INFO  o.e.m.c.i.embedder.EclipseLogger - skip non existing resourceDirectory C:\nithin\car-info-app (1)\car-info-app\src\test\resources
2022-03-01 09:30:31,489 [Worker-1: Loading available Gradle versions] INFO  o.e.b.c.i.u.g.PublishedGradleVersions - Gradle version information cache is up-to-date. Trying to read.
2022-03-01 09:56:27,127 [Worker-19: Launching car-info-app - CarInfoAppApplication] INFO  o.e.m.c.i.embedder.EclipseLogger - Using 'UTF-8' encoding to copy filtered resources.
2022-03-01 09:56:27,137 [Worker-19: Launching car-info-app - CarInfoAppApplication] INFO  o.e.m.c.i.embedder.EclipseLogger - Using 'UTF-8' encoding to copy filtered properties files.
2022-03-01 09:56:27,144 [Worker-19: Launching car-info-app - CarInfoAppApplication] INFO  o.e.m.c.i.embedder.EclipseLogger - Copying 1 resource
2022-03-01 09:56:27,183 [Worker-19: Launching car-info-app - CarInfoAppApplication] INFO  o.e.m.c.i.embedder.EclipseLogger - Copying 0 resource
2022-03-01 09:56:27,188 [Worker-19: Launching car-info-app - CarInfoAppApplication] INFO  o.e.m.c.i.embedder.EclipseLogger - Using 'UTF-8' encoding to copy filtered resources.
2022-03-01 09:56:27,188 [Worker-19: Launching car-info-app - CarInfoAppApplication] INFO  o.e.m.c.i.embedder.EclipseLogger - Using 'UTF-8' encoding to copy filtered properties files.
2022-03-01 09:56:27,188 [Worker-19: Launching car-info-app - CarInfoAppApplication] INFO  o.e.m.c.i.embedder.EclipseLogger - skip non existing resourceDirectory C:\nithin\car-info-app (1)\car-info-app\src\test\resources
2022-03-01 11:13:44,043 [Worker-22: Launching car-info-app - CarInfoAppApplication] INFO  o.e.m.c.i.embedder.EclipseLogger - Using 'UTF-8' encoding to copy filtered resources.
2022-03-01 11:13:44,052 [Worker-22: Launching car-info-app - CarInfoAppApplication] INFO  o.e.m.c.i.embedder.EclipseLogger - Using 'UTF-8' encoding to copy filtered properties files.
2022-03-01 11:13:44,086 [Worker-22: Launching car-info-app - CarInfoAppApplication] INFO  o.e.m.c.i.embedder.EclipseLogger - Copying 1 resource
2022-03-01 11:13:44,268 [Worker-22: Launching car-info-app - CarInfoAppApplication] INFO  o.e.m.c.i.embedder.EclipseLogger - Copying 0 resource
2022-03-01 11:13:44,276 [Worker-22: Launching car-info-app - CarInfoAppApplication] INFO  o.e.m.c.i.embedder.EclipseLogger - Using 'UTF-8' encoding to copy filtered resources.
2022-03-01 11:13:44,276 [Worker-22: Launching car-info-app - CarInfoAppApplication] INFO  o.e.m.c.i.embedder.EclipseLogger - Using 'UTF-8' encoding to copy filtered properties files.
2022-03-01 11:13:44,276 [Worker-22: Launching car-info-app - CarInfoAppApplication] INFO  o.e.m.c.i.embedder.EclipseLogger - skip non existing resourceDirectory C:\nithin\car-info-app (1)\car-info-app\src\test\resources
